Flow report for CoinCharger
Fri May 24 09:10:05 2024
Quartus Prime Version 18.1.0 Build 625 09/12/2018 SJ Standard Edition


---------------------
; Table of Contents ;
---------------------
  1. Legal Notice
  2. Flow Summary
  3. Flow Settings
  4. Flow Non-Default Global Settings
  5. Flow Elapsed Time
  6. Flow OS Summary
  7. Flow Log
  8. Flow Messages
  9. Flow Suppressed Messages



----------------
; Legal Notice ;
----------------
Copyright (C) 2018  Intel Corporation. All rights reserved.
Your use of Intel Corporation's design tools, logic functions 
and other software and tools, and its AMPP partner logic 
functions, and any output files from any of the foregoing 
(including device programming or simulation files), and any 
associated documentation or information are expressly subject 
to the terms and conditions of the Intel Program License 
Subscription Agreement, the Intel Quartus Prime License Agreement,
the Intel FPGA IP License Agreement, or other applicable license
agreement, including, without limitation, that your use is for
the sole purpose of programming logic devices manufactured by
Intel and sold by Intel or its authorized distributors.  Please
refer to the applicable agreement for further details.



+--------------------------------------------------------------------------------------+
; Flow Summary                                                                         ;
+------------------------------------+-------------------------------------------------+
; Flow Status                        ; Successful - Fri May 24 09:10:05 2024           ;
; Quartus Prime Version              ; 18.1.0 Build 625 09/12/2018 SJ Standard Edition ;
; Revision Name                      ; CoinCharger                                     ;
; Top-level Entity Name              ; CoinCharger                                     ;
; Family                             ; MAX 10                                          ;
; Device                             ; 10M50DAF484C7G                                  ;
; Timing Models                      ; Final                                           ;
; Total logic elements               ; 3,909 / 49,760 ( 8 % )                          ;
;     Total combinational functions  ; 3,355 / 49,760 ( 7 % )                          ;
;     Dedicated logic registers      ; 1,143 / 49,760 ( 2 % )                          ;
; Total registers                    ; 1143                                            ;
; Total pins                         ; 39 / 360 ( 11 % )                               ;
; Total virtual pins                 ; 0                                               ;
; Total memory bits                  ; 5,760 / 1,677,312 ( < 1 % )                     ;
; Embedded Multiplier 9-bit elements ; 0 / 288 ( 0 % )                                 ;
; Total PLLs                         ; 0 / 4 ( 0 % )                                   ;
; UFM blocks                         ; 0 / 1 ( 0 % )                                   ;
; ADC blocks                         ; 0 / 2 ( 0 % )                                   ;
+------------------------------------+-------------------------------------------------+


+-----------------------------------------+
; Flow Settings                           ;
+-------------------+---------------------+
; Option            ; Setting             ;
+-------------------+---------------------+
; Start date & time ; 05/17/2024 01:12:37 ;
; Main task         ; Compilation         ;
; Revision Name     ; CoinCharger         ;
+-------------------+---------------------+


+-------------------------------------------------------------------------------------------------------------------------+
; Flow Non-Default Global Settings                                                                                        ;
+-------------------------------------+----------------------------------------+---------------+-------------+------------+
; Assignment Name                     ; Value                                  ; Default Value ; Entity Name ; Section Id ;
+-------------------------------------+----------------------------------------+---------------+-------------+------------+
; COMPILER_SIGNATURE_ID               ; 1097305655205.171587955637192          ; --            ; --          ; --         ;
; MAX_CORE_JUNCTION_TEMP              ; 85                                     ; --            ; --          ; --         ;
; MIN_CORE_JUNCTION_TEMP              ; 0                                      ; --            ; --          ; --         ;
; PARTITION_COLOR                     ; -- (Not supported for targeted family) ; --            ; --          ; Top        ;
; PARTITION_FITTER_PRESERVATION_LEVEL ; -- (Not supported for targeted family) ; --            ; --          ; Top        ;
; PARTITION_NETLIST_TYPE              ; -- (Not supported for targeted family) ; --            ; --          ; Top        ;
; POWER_BOARD_THERMAL_MODEL           ; None (CONSERVATIVE)                    ; --            ; --          ; --         ;
; POWER_PRESET_COOLING_SOLUTION       ; 23 MM HEAT SINK WITH 200 LFPM AIRFLOW  ; --            ; --          ; --         ;
; PROJECT_OUTPUT_DIRECTORY            ; output_files                           ; --            ; --          ; --         ;
+-------------------------------------+----------------------------------------+---------------+-------------+------------+


+-----------------------------------------------------------------------------------------------------------------------------+
; Flow Elapsed Time                                                                                                           ;
+-------------------------+--------------+-------------------------+---------------------+------------------------------------+
; Module Name             ; Elapsed Time ; Average Processors Used ; Peak Virtual Memory ; Total CPU Time (on all processors) ;
+-------------------------+--------------+-------------------------+---------------------+------------------------------------+
; Analysis & Synthesis    ; 00:00:12     ; 1.0                     ; 4850 MB             ; 00:00:06                           ;
; Fitter                  ; 00:00:09     ; 1.0                     ; 6433 MB             ; 00:00:06                           ;
; Assembler               ; 00:00:03     ; 1.0                     ; 4681 MB             ; 00:00:01                           ;
; Timing Analyzer         ; 00:00:03     ; 1.0                     ; 4929 MB             ; 00:00:01                           ;
; I/O Assignment Analysis ; 00:00:02     ; 1.0                     ; 4987 MB             ; 00:00:01                           ;
; Analysis & Synthesis    ; 00:00:34     ; 1.2                     ; 4880 MB             ; 00:00:09                           ;
; Partition Merge         ; 00:00:01     ; 1.0                     ; 4697 MB             ; 00:00:00                           ;
; Fitter                  ; 00:00:09     ; 1.2                     ; 6460 MB             ; 00:00:04                           ;
; Assembler               ; 00:00:04     ; 1.0                     ; 4688 MB             ; 00:00:00                           ;
; Timing Analyzer         ; 00:00:04     ; 1.5                     ; 4960 MB             ; 00:00:01                           ;
; Analysis & Synthesis    ; 00:00:30     ; 1.0                     ; 4842 MB             ; 00:00:10                           ;
; Partition Merge         ; 00:00:01     ; 1.0                     ; 4748 MB             ; 00:00:00                           ;
; Fitter                  ; 00:00:09     ; 1.3                     ; 6461 MB             ; 00:00:04                           ;
; Assembler               ; 00:00:03     ; 1.0                     ; 4689 MB             ; 00:00:01                           ;
; Timing Analyzer         ; 00:00:03     ; 1.5                     ; 4956 MB             ; 00:00:01                           ;
; Analysis & Synthesis    ; 00:00:30     ; 1.0                     ; 4893 MB             ; 00:00:14                           ;
; Partition Merge         ; 00:00:01     ; 1.0                     ; 4697 MB             ; 00:00:00                           ;
; Fitter                  ; 00:00:10     ; 1.3                     ; 6463 MB             ; 00:00:06                           ;
; Assembler               ; 00:00:03     ; 1.0                     ; 4689 MB             ; 00:00:01                           ;
; Timing Analyzer         ; 00:00:03     ; 1.4                     ; 4956 MB             ; 00:00:01                           ;
; Analysis & Synthesis    ; 00:00:31     ; 1.0                     ; 4904 MB             ; 00:00:11                           ;
; Partition Merge         ; 00:00:02     ; 1.0                     ; 4696 MB             ; 00:00:00                           ;
; Fitter                  ; 00:00:09     ; 1.2                     ; 6463 MB             ; 00:00:05                           ;
; Assembler               ; 00:00:04     ; 1.0                     ; 4689 MB             ; 00:00:01                           ;
; Timing Analyzer         ; 00:00:03     ; 1.5                     ; 4953 MB             ; 00:00:01                           ;
; Analysis & Synthesis    ; 00:00:30     ; 1.0                     ; 4905 MB             ; 00:00:09                           ;
; Partition Merge         ; 00:00:01     ; 1.0                     ; 4698 MB             ; 00:00:00                           ;
; Fitter                  ; 00:00:09     ; 1.2                     ; 6458 MB             ; 00:00:04                           ;
; Assembler               ; 00:00:04     ; 1.0                     ; 4688 MB             ; 00:00:01                           ;
; Timing Analyzer         ; 00:00:03     ; 1.4                     ; 4956 MB             ; 00:00:01                           ;
; Analysis & Synthesis    ; 00:00:14     ; 1.0                     ; 4788 MB             ; 00:00:05                           ;
; Analysis & Synthesis    ; 00:00:12     ; 1.0                     ; 4786 MB             ; 00:00:04                           ;
; Analysis & Synthesis    ; 00:00:30     ; 1.0                     ; 4892 MB             ; 00:00:08                           ;
; Partition Merge         ; 00:00:02     ; 1.0                     ; 4699 MB             ; 00:00:00                           ;
; Fitter                  ; 00:00:09     ; 1.2                     ; 6462 MB             ; 00:00:04                           ;
; Assembler               ; 00:00:04     ; 1.0                     ; 4686 MB             ; 00:00:00                           ;
; Timing Analyzer         ; 00:00:03     ; 1.4                     ; 4953 MB             ; 00:00:00                           ;
; Analysis & Synthesis    ; 00:00:31     ; 1.0                     ; 4908 MB             ; 00:00:13                           ;
; Partition Merge         ; 00:00:02     ; 1.0                     ; 4698 MB             ; 00:00:00                           ;
; Fitter                  ; 00:00:08     ; 1.3                     ; 6459 MB             ; 00:00:05                           ;
; Assembler               ; 00:00:03     ; 1.0                     ; 4688 MB             ; 00:00:01                           ;
; Timing Analyzer         ; 00:00:03     ; 1.4                     ; 4954 MB             ; 00:00:01                           ;
; Analysis & Synthesis    ; 00:00:36     ; 1.0                     ; 4907 MB             ; 00:00:15                           ;
; Partition Merge         ; 00:00:01     ; 1.0                     ; 4698 MB             ; 00:00:00                           ;
; Fitter                  ; 00:00:12     ; 1.3                     ; 6456 MB             ; 00:00:07                           ;
; Assembler               ; 00:00:04     ; 1.0                     ; 4689 MB             ; 00:00:01                           ;
; Timing Analyzer         ; 00:00:03     ; 1.4                     ; 4958 MB             ; 00:00:01                           ;
; Analysis & Synthesis    ; 00:00:29     ; 1.0                     ; 4892 MB             ; 00:00:13                           ;
; Partition Merge         ; 00:00:01     ; 1.0                     ; 4698 MB             ; 00:00:00                           ;
; Fitter                  ; 00:00:09     ; 1.2                     ; 6482 MB             ; 00:00:05                           ;
; Assembler               ; 00:00:04     ; 1.0                     ; 4686 MB             ; 00:00:01                           ;
; Timing Analyzer         ; 00:00:03     ; 1.5                     ; 4958 MB             ; 00:00:01                           ;
; Analysis & Synthesis    ; 00:00:33     ; 1.0                     ; 4906 MB             ; 00:00:09                           ;
; Partition Merge         ; 00:00:02     ; 1.0                     ; 4696 MB             ; 00:00:00                           ;
; Fitter                  ; 00:00:09     ; 1.2                     ; 6454 MB             ; 00:00:04                           ;
; Assembler               ; 00:00:04     ; 1.0                     ; 4689 MB             ; 00:00:00                           ;
; Timing Analyzer         ; 00:00:03     ; 1.5                     ; 4956 MB             ; 00:00:01                           ;
; Analysis & Synthesis    ; 00:00:11     ; 1.0                     ; 4785 MB             ; 00:00:02                           ;
; Analysis & Synthesis    ; 00:00:29     ; 1.0                     ; 4897 MB             ; 00:00:18                           ;
; Partition Merge         ; 00:00:02     ; 1.0                     ; 4696 MB             ; 00:00:01                           ;
; Fitter                  ; 00:00:09     ; 1.3                     ; 6480 MB             ; 00:00:06                           ;
; Assembler               ; 00:00:03     ; 1.0                     ; 4689 MB             ; 00:00:02                           ;
; Timing Analyzer         ; 00:00:03     ; 1.5                     ; 4955 MB             ; 00:00:01                           ;
; Analysis & Synthesis    ; 00:00:35     ; 1.0                     ; 4933 MB             ; 00:00:11                           ;
; Partition Merge         ; 00:00:02     ; 1.0                     ; 4697 MB             ; 00:00:01                           ;
; Fitter                  ; 00:00:09     ; 1.2                     ; 6457 MB             ; 00:00:04                           ;
; Assembler               ; 00:00:03     ; 1.0                     ; 4688 MB             ; 00:00:00                           ;
; Timing Analyzer         ; 00:00:03     ; 1.4                     ; 4956 MB             ; 00:00:01                           ;
; Analysis & Synthesis    ; 00:00:20     ; 1.0                     ; 4841 MB             ; 00:00:08                           ;
; Partition Merge         ; 00:00:02     ; 1.0                     ; 4750 MB             ; 00:00:00                           ;
; Fitter                  ; 00:00:07     ; 1.3                     ; 6458 MB             ; 00:00:05                           ;
; Assembler               ; 00:00:03     ; 1.0                     ; 4687 MB             ; 00:00:02                           ;
; Timing Analyzer         ; 00:00:02     ; 1.5                     ; 4955 MB             ; 00:00:01                           ;
; Analysis & Synthesis    ; 00:00:55     ; 1.0                     ; 4851 MB             ; 00:00:26                           ;
; Partition Merge         ; 00:00:02     ; 1.0                     ; 4747 MB             ; 00:00:01                           ;
; Fitter                  ; 00:00:17     ; 1.4                     ; 6649 MB             ; 00:00:10                           ;
; Assembler               ; 00:00:07     ; 1.0                     ; 4689 MB             ; 00:00:03                           ;
; Timing Analyzer         ; 00:00:10     ; 1.4                     ; 4974 MB             ; 00:00:03                           ;
; Analysis & Synthesis    ; 00:00:18     ; 1.0                     ; 4783 MB             ; 00:00:13                           ;
; Analysis & Synthesis    ; 00:00:09     ; 1.0                     ; 4786 MB             ; 00:00:03                           ;
; Analysis & Synthesis    ; 00:00:07     ; 1.0                     ; 4785 MB             ; 00:00:02                           ;
; Analysis & Synthesis    ; 00:00:22     ; 1.0                     ; 4785 MB             ; 00:00:06                           ;
; Analysis & Synthesis    ; 00:00:07     ; 1.0                     ; 4785 MB             ; 00:00:04                           ;
; Analysis & Synthesis    ; 00:00:07     ; 1.0                     ; 4786 MB             ; 00:00:02                           ;
; Analysis & Synthesis    ; 00:00:07     ; 1.0                     ; 4786 MB             ; 00:00:03                           ;
; Analysis & Synthesis    ; 00:00:08     ; 1.0                     ; 4786 MB             ; 00:00:05                           ;
; Analysis & Synthesis    ; 00:00:08     ; 1.0                     ; 4786 MB             ; 00:00:04                           ;
; Analysis & Synthesis    ; 00:00:07     ; 1.0                     ; 4786 MB             ; 00:00:02                           ;
; Analysis & Synthesis    ; 00:00:08     ; 1.0                     ; 4786 MB             ; 00:00:02                           ;
; Analysis & Synthesis    ; 00:00:08     ; 1.0                     ; 4786 MB             ; 00:00:05                           ;
; Analysis & Synthesis    ; 00:00:07     ; 1.0                     ; 4786 MB             ; 00:00:02                           ;
; Analysis & Synthesis    ; 00:00:31     ; 1.0                     ; 4837 MB             ; 00:00:13                           ;
; Analysis & Synthesis    ; 00:00:30     ; 1.0                     ; 4933 MB             ; 00:00:12                           ;
; Partition Merge         ; 00:00:02     ; 1.0                     ; 4699 MB             ; 00:00:00                           ;
; Fitter                  ; 00:00:18     ; 1.1                     ; 6483 MB             ; 00:00:06                           ;
; Assembler               ; 00:00:07     ; 1.0                     ; 4691 MB             ; 00:00:01                           ;
; Timing Analyzer         ; 00:00:12     ; 1.1                     ; 4955 MB             ; 00:00:02                           ;
; Analysis & Synthesis    ; 00:00:08     ; 1.0                     ; 4785 MB             ; 00:00:05                           ;
; Analysis & Synthesis    ; 00:00:41     ; 1.0                     ; 4918 MB             ; 00:00:18                           ;
; Partition Merge         ; 00:00:04     ; 1.0                     ; 4697 MB             ; 00:00:01                           ;
; Fitter                  ; 00:00:14     ; 1.2                     ; 6651 MB             ; 00:00:08                           ;
; Assembler               ; 00:00:04     ; 1.0                     ; 4692 MB             ; 00:00:02                           ;
; Timing Analyzer         ; 00:00:18     ; 1.1                     ; 4976 MB             ; 00:00:02                           ;
; Analysis & Synthesis    ; 00:00:21     ; 1.0                     ; 4839 MB             ; 00:00:11                           ;
; Partition Merge         ; 00:00:01     ; 1.0                     ; 4750 MB             ; 00:00:01                           ;
; Fitter                  ; 00:00:08     ; 1.3                     ; 6460 MB             ; 00:00:07                           ;
; Assembler               ; 00:00:03     ; 1.0                     ; 4691 MB             ; 00:00:02                           ;
; Timing Analyzer         ; 00:00:02     ; 1.5                     ; 4958 MB             ; 00:00:02                           ;
; Analysis & Synthesis    ; 00:00:39     ; 1.0                     ; 4851 MB             ; 00:00:19                           ;
; Partition Merge         ; 00:00:03     ; 1.0                     ; 4751 MB             ; 00:00:01                           ;
; Fitter                  ; 00:00:17     ; 1.3                     ; 6454 MB             ; 00:00:09                           ;
; Assembler               ; 00:00:05     ; 1.0                     ; 4693 MB             ; 00:00:03                           ;
; Timing Analyzer         ; 00:00:04     ; 1.6                     ; 4957 MB             ; 00:00:03                           ;
; Analysis & Synthesis    ; 00:00:46     ; 1.0                     ; 4924 MB             ; 00:00:44                           ;
; Partition Merge         ; 00:00:02     ; 1.0                     ; 4699 MB             ; 00:00:01                           ;
; Fitter                  ; 00:00:16     ; 1.3                     ; 6464 MB             ; 00:00:10                           ;
; Assembler               ; 00:00:06     ; 1.0                     ; 4690 MB             ; 00:00:03                           ;
; Timing Analyzer         ; 00:00:06     ; 1.7                     ; 4955 MB             ; 00:00:03                           ;
; Fitter                  ; 00:00:12     ; 1.3                     ; 6459 MB             ; 00:00:09                           ;
; Analysis & Synthesis    ; 00:00:40     ; 1.0                     ; 4852 MB             ; 00:00:18                           ;
; Partition Merge         ; 00:00:03     ; 1.0                     ; 4751 MB             ; 00:00:01                           ;
; Fitter                  ; 00:00:15     ; 1.4                     ; 6488 MB             ; 00:00:08                           ;
; Assembler               ; 00:00:06     ; 1.0                     ; 4692 MB             ; 00:00:01                           ;
; Timing Analyzer         ; 00:00:06     ; 1.6                     ; 4966 MB             ; 00:00:02                           ;
; Analysis & Synthesis    ; 00:00:43     ; 1.0                     ; 4948 MB             ; 00:00:28                           ;
; Partition Merge         ; 00:00:02     ; 1.0                     ; 4698 MB             ; 00:00:01                           ;
; Fitter                  ; 00:00:13     ; 1.3                     ; 6485 MB             ; 00:00:11                           ;
; Assembler               ; 00:00:05     ; 1.0                     ; 4690 MB             ; 00:00:03                           ;
; Timing Analyzer         ; 00:00:05     ; 1.6                     ; 4956 MB             ; 00:00:04                           ;
; Analysis & Synthesis    ; 00:00:16     ; 1.0                     ; 4784 MB             ; 00:00:13                           ;
; Analysis & Synthesis    ; 00:00:11     ; 1.0                     ; 4782 MB             ; 00:00:10                           ;
; Analysis & Synthesis    ; 00:00:51     ; 1.0                     ; 4930 MB             ; 00:00:19                           ;
; Partition Merge         ; 00:00:03     ; 1.0                     ; 4698 MB             ; 00:00:00                           ;
; Fitter                  ; 00:00:22     ; 1.3                     ; 6461 MB             ; 00:00:11                           ;
; Assembler               ; 00:00:06     ; 1.0                     ; 4691 MB             ; 00:00:01                           ;
; Timing Analyzer         ; 00:00:05     ; 1.6                     ; 4958 MB             ; 00:00:02                           ;
; Analysis & Synthesis    ; 00:00:53     ; 1.0                     ; 4933 MB             ; 00:00:32                           ;
; Partition Merge         ; 00:00:03     ; 1.0                     ; 4698 MB             ; 00:00:01                           ;
; Fitter                  ; 00:00:19     ; 1.3                     ; 6487 MB             ; 00:00:14                           ;
; Assembler               ; 00:00:06     ; 1.0                     ; 4688 MB             ; 00:00:02                           ;
; Timing Analyzer         ; 00:00:06     ; 1.6                     ; 4959 MB             ; 00:00:03                           ;
; Analysis & Synthesis    ; 00:00:51     ; 1.0                     ; 4849 MB             ; 00:00:20                           ;
; Partition Merge         ; 00:00:03     ; 1.0                     ; 4698 MB             ; 00:00:01                           ;
; Fitter                  ; 00:00:20     ; 1.3                     ; 6486 MB             ; 00:00:17                           ;
; Assembler               ; 00:00:06     ; 1.0                     ; 4693 MB             ; 00:00:02                           ;
; Timing Analyzer         ; 00:00:07     ; 1.6                     ; 4958 MB             ; 00:00:03                           ;
; Analysis & Synthesis    ; 00:00:51     ; 1.0                     ; 4931 MB             ; 00:00:20                           ;
; Partition Merge         ; 00:00:02     ; 1.0                     ; 4698 MB             ; 00:00:00                           ;
; Fitter                  ; 00:00:12     ; 1.3                     ; 6485 MB             ; 00:00:08                           ;
; Assembler               ; 00:00:04     ; 1.0                     ; 4688 MB             ; 00:00:01                           ;
; Timing Analyzer         ; 00:00:05     ; 1.6                     ; 4956 MB             ; 00:00:02                           ;
; Analysis & Synthesis    ; 00:00:27     ; 1.3                     ; 4870 MB             ; 00:00:09                           ;
; Partition Merge         ; 00:00:01     ; 1.0                     ; 4700 MB             ; 00:00:00                           ;
; Fitter                  ; 00:00:08     ; 1.4                     ; 6465 MB             ; 00:00:07                           ;
; Assembler               ; 00:00:03     ; 1.0                     ; 4690 MB             ; 00:00:01                           ;
; Timing Analyzer         ; 00:00:03     ; 1.6                     ; 4957 MB             ; 00:00:02                           ;
; Analysis & Synthesis    ; 00:00:26     ; 1.0                     ; 4923 MB             ; 00:00:13                           ;
; Partition Merge         ; 00:00:01     ; 1.0                     ; 4698 MB             ; 00:00:00                           ;
; Fitter                  ; 00:00:08     ; 1.4                     ; 6485 MB             ; 00:00:04                           ;
; Assembler               ; 00:00:03     ; 1.0                     ; 4690 MB             ; 00:00:01                           ;
; Timing Analyzer         ; 00:00:03     ; 1.6                     ; 4955 MB             ; 00:00:01                           ;
; Analysis & Synthesis    ; 00:00:23     ; 1.0                     ; 4923 MB             ; 00:00:08                           ;
; Partition Merge         ; 00:00:01     ; 1.0                     ; 4698 MB             ; 00:00:00                           ;
; Fitter                  ; 00:00:08     ; 1.4                     ; 6484 MB             ; 00:00:06                           ;
; Assembler               ; 00:00:03     ; 1.0                     ; 4690 MB             ; 00:00:01                           ;
; Timing Analyzer         ; 00:00:02     ; 1.6                     ; 4957 MB             ; 00:00:01                           ;
; Analysis & Synthesis    ; 00:00:43     ; 1.0                     ; 4853 MB             ; 00:00:25                           ;
; Partition Merge         ; 00:00:03     ; 1.0                     ; 4749 MB             ; 00:00:01                           ;
; Fitter                  ; 00:00:17     ; 1.3                     ; 6457 MB             ; 00:00:09                           ;
; Assembler               ; 00:00:05     ; 1.0                     ; 4690 MB             ; 00:00:02                           ;
; Timing Analyzer         ; 00:00:05     ; 1.7                     ; 4958 MB             ; 00:00:03                           ;
; Analysis & Synthesis    ; 00:00:08     ; 1.0                     ; 4785 MB             ; 00:00:03                           ;
; Analysis & Synthesis    ; 00:00:26     ; 1.3                     ; 4875 MB             ; 00:00:12                           ;
; Partition Merge         ; 00:00:01     ; 1.0                     ; 4701 MB             ; 00:00:01                           ;
; Fitter                  ; 00:00:08     ; 1.4                     ; 6465 MB             ; 00:00:05                           ;
; Assembler               ; 00:00:03     ; 1.0                     ; 4692 MB             ; 00:00:01                           ;
; Timing Analyzer         ; 00:00:03     ; 1.6                     ; 4960 MB             ; 00:00:01                           ;
; Analysis & Synthesis    ; 00:00:38     ; 1.0                     ; 4841 MB             ; 00:00:08                           ;
; Analysis & Synthesis    ; 00:00:27     ; 1.0                     ; 4953 MB             ; 00:00:08                           ;
; Partition Merge         ; 00:00:01     ; 1.0                     ; 4704 MB             ; 00:00:00                           ;
; Fitter                  ; 00:00:12     ; 1.9                     ; 6490 MB             ; 00:00:11                           ;
; Assembler               ; 00:00:03     ; 1.0                     ; 4698 MB             ; 00:00:01                           ;
; Timing Analyzer         ; 00:00:03     ; 2.6                     ; 4978 MB             ; 00:00:03                           ;
; Analysis & Synthesis    ; 00:00:23     ; 1.0                     ; 4844 MB             ; 00:00:10                           ;
; Partition Merge         ; 00:00:04     ; 1.0                     ; 4762 MB             ; 00:00:00                           ;
; Analysis & Synthesis    ; 00:00:21     ; 1.0                     ; 4844 MB             ; 00:00:09                           ;
; Partition Merge         ; 00:00:01     ; 1.0                     ; 4762 MB             ; 00:00:00                           ;
; Total                   ; 00:35:56     ; --                      ; --                  ; 00:16:22                           ;
+-------------------------+--------------+-------------------------+---------------------+------------------------------------+


+---------------------------------------------------------------------------------------+
; Flow OS Summary                                                                       ;
+-------------------------+------------------+------------+------------+----------------+
; Module Name             ; Machine Hostname ; OS Name    ; OS Version ; Processor type ;
+-------------------------+------------------+------------+------------+----------------+
; Analysis & Synthesis    ; DESKTOP-2DFG46T  ; Windows 10 ; 10.0       ; x86_64         ;
; Fitter                  ; DESKTOP-2DFG46T  ; Windows 10 ; 10.0       ; x86_64         ;
; Assembler               ; DESKTOP-2DFG46T  ; Windows 10 ; 10.0       ; x86_64         ;
; Timing Analyzer         ; DESKTOP-2DFG46T  ; Windows 10 ; 10.0       ; x86_64         ;
; I/O Assignment Analysis ; DESKTOP-2DFG46T  ; Windows 10 ; 10.0       ; x86_64         ;
; Analysis & Synthesis    ; DESKTOP-2DFG46T  ; Windows 10 ; 10.0       ; x86_64         ;
; Partition Merge         ; DESKTOP-2DFG46T  ; Windows 10 ; 10.0       ; x86_64         ;
; Fitter                  ; DESKTOP-2DFG46T  ; Windows 10 ; 10.0       ; x86_64         ;
; Assembler               ; DESKTOP-2DFG46T  ; Windows 10 ; 10.0       ; x86_64         ;
; Timing Analyzer         ; DESKTOP-2DFG46T  ; Windows 10 ; 10.0       ; x86_64         ;
; Analysis & Synthesis    ; DESKTOP-2DFG46T  ; Windows 10 ; 10.0       ; x86_64         ;
; Partition Merge         ; DESKTOP-2DFG46T  ; Windows 10 ; 10.0       ; x86_64         ;
; Fitter                  ; DESKTOP-2DFG46T  ; Windows 10 ; 10.0       ; x86_64         ;
; Assembler               ; DESKTOP-2DFG46T  ; Windows 10 ; 10.0       ; x86_64         ;
; Timing Analyzer         ; DESKTOP-2DFG46T  ; Windows 10 ; 10.0       ; x86_64         ;
; Analysis & Synthesis    ; DESKTOP-2DFG46T  ; Windows 10 ; 10.0       ; x86_64         ;
; Partition Merge         ; DESKTOP-2DFG46T  ; Windows 10 ; 10.0       ; x86_64         ;
; Fitter                  ; DESKTOP-2DFG46T  ; Windows 10 ; 10.0       ; x86_64         ;
; Assembler               ; DESKTOP-2DFG46T  ; Windows 10 ; 10.0       ; x86_64         ;
; Timing Analyzer         ; DESKTOP-2DFG46T  ; Windows 10 ; 10.0       ; x86_64         ;
; Analysis & Synthesis    ; DESKTOP-2DFG46T  ; Windows 10 ; 10.0       ; x86_64         ;
; Partition Merge         ; DESKTOP-2DFG46T  ; Windows 10 ; 10.0       ; x86_64         ;
; Fitter                  ; DESKTOP-2DFG46T  ; Windows 10 ; 10.0       ; x86_64         ;
; Assembler               ; DESKTOP-2DFG46T  ; Windows 10 ; 10.0       ; x86_64         ;
; Timing Analyzer         ; DESKTOP-2DFG46T  ; Windows 10 ; 10.0       ; x86_64         ;
; Analysis & Synthesis    ; DESKTOP-2DFG46T  ; Windows 10 ; 10.0       ; x86_64         ;
; Partition Merge         ; DESKTOP-2DFG46T  ; Windows 10 ; 10.0       ; x86_64         ;
; Fitter                  ; DESKTOP-2DFG46T  ; Windows 10 ; 10.0       ; x86_64         ;
; Assembler               ; DESKTOP-2DFG46T  ; Windows 10 ; 10.0       ; x86_64         ;
; Timing Analyzer         ; DESKTOP-2DFG46T  ; Windows 10 ; 10.0       ; x86_64         ;
; Analysis & Synthesis    ; DESKTOP-2DFG46T  ; Windows 10 ; 10.0       ; x86_64         ;
; Analysis & Synthesis    ; DESKTOP-2DFG46T  ; Windows 10 ; 10.0       ; x86_64         ;
; Analysis & Synthesis    ; DESKTOP-2DFG46T  ; Windows 10 ; 10.0       ; x86_64         ;
; Partition Merge         ; DESKTOP-2DFG46T  ; Windows 10 ; 10.0       ; x86_64         ;
; Fitter                  ; DESKTOP-2DFG46T  ; Windows 10 ; 10.0       ; x86_64         ;
; Assembler               ; DESKTOP-2DFG46T  ; Windows 10 ; 10.0       ; x86_64         ;
; Timing Analyzer         ; DESKTOP-2DFG46T  ; Windows 10 ; 10.0       ; x86_64         ;
; Analysis & Synthesis    ; DESKTOP-2DFG46T  ; Windows 10 ; 10.0       ; x86_64         ;
; Partition Merge         ; DESKTOP-2DFG46T  ; Windows 10 ; 10.0       ; x86_64         ;
; Fitter                  ; DESKTOP-2DFG46T  ; Windows 10 ; 10.0       ; x86_64         ;
; Assembler               ; DESKTOP-2DFG46T  ; Windows 10 ; 10.0       ; x86_64         ;
; Timing Analyzer         ; DESKTOP-2DFG46T  ; Windows 10 ; 10.0       ; x86_64         ;
; Analysis & Synthesis    ; DESKTOP-2DFG46T  ; Windows 10 ; 10.0       ; x86_64         ;
; Partition Merge         ; DESKTOP-2DFG46T  ; Windows 10 ; 10.0       ; x86_64         ;
; Fitter                  ; DESKTOP-2DFG46T  ; Windows 10 ; 10.0       ; x86_64         ;
; Assembler               ; DESKTOP-2DFG46T  ; Windows 10 ; 10.0       ; x86_64         ;
; Timing Analyzer         ; DESKTOP-2DFG46T  ; Windows 10 ; 10.0       ; x86_64         ;
; Analysis & Synthesis    ; DESKTOP-2DFG46T  ; Windows 10 ; 10.0       ; x86_64         ;
; Partition Merge         ; DESKTOP-2DFG46T  ; Windows 10 ; 10.0       ; x86_64         ;
; Fitter                  ; DESKTOP-2DFG46T  ; Windows 10 ; 10.0       ; x86_64         ;
; Assembler               ; DESKTOP-2DFG46T  ; Windows 10 ; 10.0       ; x86_64         ;
; Timing Analyzer         ; DESKTOP-2DFG46T  ; Windows 10 ; 10.0       ; x86_64         ;
; Analysis & Synthesis    ; DESKTOP-2DFG46T  ; Windows 10 ; 10.0       ; x86_64         ;
; Partition Merge         ; DESKTOP-2DFG46T  ; Windows 10 ; 10.0       ; x86_64         ;
; Fitter                  ; DESKTOP-2DFG46T  ; Windows 10 ; 10.0       ; x86_64         ;
; Assembler               ; DESKTOP-2DFG46T  ; Windows 10 ; 10.0       ; x86_64         ;
; Timing Analyzer         ; DESKTOP-2DFG46T  ; Windows 10 ; 10.0       ; x86_64         ;
; Analysis & Synthesis    ; DESKTOP-2DFG46T  ; Windows 10 ; 10.0       ; x86_64         ;
; Analysis & Synthesis    ; DESKTOP-2DFG46T  ; Windows 10 ; 10.0       ; x86_64         ;
; Partition Merge         ; DESKTOP-2DFG46T  ; Windows 10 ; 10.0       ; x86_64         ;
; Fitter                  ; DESKTOP-2DFG46T  ; Windows 10 ; 10.0       ; x86_64         ;
; Assembler               ; DESKTOP-2DFG46T  ; Windows 10 ; 10.0       ; x86_64         ;
; Timing Analyzer         ; DESKTOP-2DFG46T  ; Windows 10 ; 10.0       ; x86_64         ;
; Analysis & Synthesis    ; DESKTOP-2DFG46T  ; Windows 10 ; 10.0       ; x86_64         ;
; Partition Merge         ; DESKTOP-2DFG46T  ; Windows 10 ; 10.0       ; x86_64         ;
; Fitter                  ; DESKTOP-2DFG46T  ; Windows 10 ; 10.0       ; x86_64         ;
; Assembler               ; DESKTOP-2DFG46T  ; Windows 10 ; 10.0       ; x86_64         ;
; Timing Analyzer         ; DESKTOP-2DFG46T  ; Windows 10 ; 10.0       ; x86_64         ;
; Analysis & Synthesis    ; DESKTOP-2DFG46T  ; Windows 10 ; 10.0       ; x86_64         ;
; Partition Merge         ; DESKTOP-2DFG46T  ; Windows 10 ; 10.0       ; x86_64         ;
; Fitter                  ; DESKTOP-2DFG46T  ; Windows 10 ; 10.0       ; x86_64         ;
; Assembler               ; DESKTOP-2DFG46T  ; Windows 10 ; 10.0       ; x86_64         ;
; Timing Analyzer         ; DESKTOP-2DFG46T  ; Windows 10 ; 10.0       ; x86_64         ;
; Analysis & Synthesis    ; TheEye           ; Windows 10 ; 10.0       ; x86_64         ;
; Partition Merge         ; TheEye           ; Windows 10 ; 10.0       ; x86_64         ;
; Fitter                  ; TheEye           ; Windows 10 ; 10.0       ; x86_64         ;
; Assembler               ; TheEye           ; Windows 10 ; 10.0       ; x86_64         ;
; Timing Analyzer         ; TheEye           ; Windows 10 ; 10.0       ; x86_64         ;
; Analysis & Synthesis    ; TheEye           ; Windows 10 ; 10.0       ; x86_64         ;
; Analysis & Synthesis    ; DESKTOP-2DFG46T  ; Windows 10 ; 10.0       ; x86_64         ;
; Analysis & Synthesis    ; DESKTOP-2DFG46T  ; Windows 10 ; 10.0       ; x86_64         ;
; Analysis & Synthesis    ; DESKTOP-2DFG46T  ; Windows 10 ; 10.0       ; x86_64         ;
; Analysis & Synthesis    ; DESKTOP-2DFG46T  ; Windows 10 ; 10.0       ; x86_64         ;
; Analysis & Synthesis    ; DESKTOP-2DFG46T  ; Windows 10 ; 10.0       ; x86_64         ;
; Analysis & Synthesis    ; DESKTOP-2DFG46T  ; Windows 10 ; 10.0       ; x86_64         ;
; Analysis & Synthesis    ; DESKTOP-2DFG46T  ; Windows 10 ; 10.0       ; x86_64         ;
; Analysis & Synthesis    ; DESKTOP-2DFG46T  ; Windows 10 ; 10.0       ; x86_64         ;
; Analysis & Synthesis    ; DESKTOP-2DFG46T  ; Windows 10 ; 10.0       ; x86_64         ;
; Analysis & Synthesis    ; DESKTOP-2DFG46T  ; Windows 10 ; 10.0       ; x86_64         ;
; Analysis & Synthesis    ; DESKTOP-2DFG46T  ; Windows 10 ; 10.0       ; x86_64         ;
; Analysis & Synthesis    ; DESKTOP-2DFG46T  ; Windows 10 ; 10.0       ; x86_64         ;
; Analysis & Synthesis    ; DESKTOP-2DFG46T  ; Windows 10 ; 10.0       ; x86_64         ;
; Analysis & Synthesis    ; DESKTOP-2DFG46T  ; Windows 10 ; 10.0       ; x86_64         ;
; Partition Merge         ; DESKTOP-2DFG46T  ; Windows 10 ; 10.0       ; x86_64         ;
; Fitter                  ; DESKTOP-2DFG46T  ; Windows 10 ; 10.0       ; x86_64         ;
; Assembler               ; DESKTOP-2DFG46T  ; Windows 10 ; 10.0       ; x86_64         ;
; Timing Analyzer         ; DESKTOP-2DFG46T  ; Windows 10 ; 10.0       ; x86_64         ;
; Analysis & Synthesis    ; DESKTOP-2DFG46T  ; Windows 10 ; 10.0       ; x86_64         ;
; Analysis & Synthesis    ; TheEye           ; Windows 10 ; 10.0       ; x86_64         ;
; Partition Merge         ; TheEye           ; Windows 10 ; 10.0       ; x86_64         ;
; Fitter                  ; TheEye           ; Windows 10 ; 10.0       ; x86_64         ;
; Assembler               ; TheEye           ; Windows 10 ; 10.0       ; x86_64         ;
; Timing Analyzer         ; TheEye           ; Windows 10 ; 10.0       ; x86_64         ;
; Analysis & Synthesis    ; DESKTOP-2DFG46T  ; Windows 10 ; 10.0       ; x86_64         ;
; Partition Merge         ; DESKTOP-2DFG46T  ; Windows 10 ; 10.0       ; x86_64         ;
; Fitter                  ; DESKTOP-2DFG46T  ; Windows 10 ; 10.0       ; x86_64         ;
; Assembler               ; DESKTOP-2DFG46T  ; Windows 10 ; 10.0       ; x86_64         ;
; Timing Analyzer         ; DESKTOP-2DFG46T  ; Windows 10 ; 10.0       ; x86_64         ;
; Analysis & Synthesis    ; DESKTOP-2DFG46T  ; Windows 10 ; 10.0       ; x86_64         ;
; Partition Merge         ; DESKTOP-2DFG46T  ; Windows 10 ; 10.0       ; x86_64         ;
; Fitter                  ; DESKTOP-2DFG46T  ; Windows 10 ; 10.0       ; x86_64         ;
; Assembler               ; DESKTOP-2DFG46T  ; Windows 10 ; 10.0       ; x86_64         ;
; Timing Analyzer         ; DESKTOP-2DFG46T  ; Windows 10 ; 10.0       ; x86_64         ;
; Analysis & Synthesis    ; DESKTOP-2DFG46T  ; Windows 10 ; 10.0       ; x86_64         ;
; Partition Merge         ; DESKTOP-2DFG46T  ; Windows 10 ; 10.0       ; x86_64         ;
; Fitter                  ; DESKTOP-2DFG46T  ; Windows 10 ; 10.0       ; x86_64         ;
; Assembler               ; DESKTOP-2DFG46T  ; Windows 10 ; 10.0       ; x86_64         ;
; Timing Analyzer         ; DESKTOP-2DFG46T  ; Windows 10 ; 10.0       ; x86_64         ;
; Fitter                  ; DESKTOP-2DFG46T  ; Windows 10 ; 10.0       ; x86_64         ;
; Analysis & Synthesis    ; DESKTOP-2DFG46T  ; Windows 10 ; 10.0       ; x86_64         ;
; Partition Merge         ; DESKTOP-2DFG46T  ; Windows 10 ; 10.0       ; x86_64         ;
; Fitter                  ; DESKTOP-2DFG46T  ; Windows 10 ; 10.0       ; x86_64         ;
; Assembler               ; DESKTOP-2DFG46T  ; Windows 10 ; 10.0       ; x86_64         ;
; Timing Analyzer         ; DESKTOP-2DFG46T  ; Windows 10 ; 10.0       ; x86_64         ;
; Analysis & Synthesis    ; DESKTOP-2DFG46T  ; Windows 10 ; 10.0       ; x86_64         ;
; Partition Merge         ; DESKTOP-2DFG46T  ; Windows 10 ; 10.0       ; x86_64         ;
; Fitter                  ; DESKTOP-2DFG46T  ; Windows 10 ; 10.0       ; x86_64         ;
; Assembler               ; DESKTOP-2DFG46T  ; Windows 10 ; 10.0       ; x86_64         ;
; Timing Analyzer         ; DESKTOP-2DFG46T  ; Windows 10 ; 10.0       ; x86_64         ;
; Analysis & Synthesis    ; DESKTOP-2DFG46T  ; Windows 10 ; 10.0       ; x86_64         ;
; Analysis & Synthesis    ; DESKTOP-2DFG46T  ; Windows 10 ; 10.0       ; x86_64         ;
; Analysis & Synthesis    ; DESKTOP-2DFG46T  ; Windows 10 ; 10.0       ; x86_64         ;
; Partition Merge         ; DESKTOP-2DFG46T  ; Windows 10 ; 10.0       ; x86_64         ;
; Fitter                  ; DESKTOP-2DFG46T  ; Windows 10 ; 10.0       ; x86_64         ;
; Assembler               ; DESKTOP-2DFG46T  ; Windows 10 ; 10.0       ; x86_64         ;
; Timing Analyzer         ; DESKTOP-2DFG46T  ; Windows 10 ; 10.0       ; x86_64         ;
; Analysis & Synthesis    ; DESKTOP-2DFG46T  ; Windows 10 ; 10.0       ; x86_64         ;
; Partition Merge         ; DESKTOP-2DFG46T  ; Windows 10 ; 10.0       ; x86_64         ;
; Fitter                  ; DESKTOP-2DFG46T  ; Windows 10 ; 10.0       ; x86_64         ;
; Assembler               ; DESKTOP-2DFG46T  ; Windows 10 ; 10.0       ; x86_64         ;
; Timing Analyzer         ; DESKTOP-2DFG46T  ; Windows 10 ; 10.0       ; x86_64         ;
; Analysis & Synthesis    ; DESKTOP-2DFG46T  ; Windows 10 ; 10.0       ; x86_64         ;
; Partition Merge         ; DESKTOP-2DFG46T  ; Windows 10 ; 10.0       ; x86_64         ;
; Fitter                  ; DESKTOP-2DFG46T  ; Windows 10 ; 10.0       ; x86_64         ;
; Assembler               ; DESKTOP-2DFG46T  ; Windows 10 ; 10.0       ; x86_64         ;
; Timing Analyzer         ; DESKTOP-2DFG46T  ; Windows 10 ; 10.0       ; x86_64         ;
; Analysis & Synthesis    ; DESKTOP-2DFG46T  ; Windows 10 ; 10.0       ; x86_64         ;
; Partition Merge         ; DESKTOP-2DFG46T  ; Windows 10 ; 10.0       ; x86_64         ;
; Fitter                  ; DESKTOP-2DFG46T  ; Windows 10 ; 10.0       ; x86_64         ;
; Assembler               ; DESKTOP-2DFG46T  ; Windows 10 ; 10.0       ; x86_64         ;
; Timing Analyzer         ; DESKTOP-2DFG46T  ; Windows 10 ; 10.0       ; x86_64         ;
; Analysis & Synthesis    ; DESKTOP-2DFG46T  ; Windows 10 ; 10.0       ; x86_64         ;
; Partition Merge         ; DESKTOP-2DFG46T  ; Windows 10 ; 10.0       ; x86_64         ;
; Fitter                  ; DESKTOP-2DFG46T  ; Windows 10 ; 10.0       ; x86_64         ;
; Assembler               ; DESKTOP-2DFG46T  ; Windows 10 ; 10.0       ; x86_64         ;
; Timing Analyzer         ; DESKTOP-2DFG46T  ; Windows 10 ; 10.0       ; x86_64         ;
; Analysis & Synthesis    ; DESKTOP-2DFG46T  ; Windows 10 ; 10.0       ; x86_64         ;
; Partition Merge         ; DESKTOP-2DFG46T  ; Windows 10 ; 10.0       ; x86_64         ;
; Fitter                  ; DESKTOP-2DFG46T  ; Windows 10 ; 10.0       ; x86_64         ;
; Assembler               ; DESKTOP-2DFG46T  ; Windows 10 ; 10.0       ; x86_64         ;
; Timing Analyzer         ; DESKTOP-2DFG46T  ; Windows 10 ; 10.0       ; x86_64         ;
; Analysis & Synthesis    ; DESKTOP-2DFG46T  ; Windows 10 ; 10.0       ; x86_64         ;
; Partition Merge         ; DESKTOP-2DFG46T  ; Windows 10 ; 10.0       ; x86_64         ;
; Fitter                  ; DESKTOP-2DFG46T  ; Windows 10 ; 10.0       ; x86_64         ;
; Assembler               ; DESKTOP-2DFG46T  ; Windows 10 ; 10.0       ; x86_64         ;
; Timing Analyzer         ; DESKTOP-2DFG46T  ; Windows 10 ; 10.0       ; x86_64         ;
; Analysis & Synthesis    ; DESKTOP-2DFG46T  ; Windows 10 ; 10.0       ; x86_64         ;
; Partition Merge         ; DESKTOP-2DFG46T  ; Windows 10 ; 10.0       ; x86_64         ;
; Fitter                  ; DESKTOP-2DFG46T  ; Windows 10 ; 10.0       ; x86_64         ;
; Assembler               ; DESKTOP-2DFG46T  ; Windows 10 ; 10.0       ; x86_64         ;
; Timing Analyzer         ; DESKTOP-2DFG46T  ; Windows 10 ; 10.0       ; x86_64         ;
; Analysis & Synthesis    ; DESKTOP-2DFG46T  ; Windows 10 ; 10.0       ; x86_64         ;
; Analysis & Synthesis    ; DESKTOP-2DFG46T  ; Windows 10 ; 10.0       ; x86_64         ;
; Partition Merge         ; DESKTOP-2DFG46T  ; Windows 10 ; 10.0       ; x86_64         ;
; Fitter                  ; DESKTOP-2DFG46T  ; Windows 10 ; 10.0       ; x86_64         ;
; Assembler               ; DESKTOP-2DFG46T  ; Windows 10 ; 10.0       ; x86_64         ;
; Timing Analyzer         ; DESKTOP-2DFG46T  ; Windows 10 ; 10.0       ; x86_64         ;
; Analysis & Synthesis    ; DESKTOP-2DFG46T  ; Windows 10 ; 10.0       ; x86_64         ;
; Analysis & Synthesis    ; DESKTOP-2DFG46T  ; Windows 10 ; 10.0       ; x86_64         ;
; Partition Merge         ; DESKTOP-2DFG46T  ; Windows 10 ; 10.0       ; x86_64         ;
; Fitter                  ; DESKTOP-2DFG46T  ; Windows 10 ; 10.0       ; x86_64         ;
; Assembler               ; DESKTOP-2DFG46T  ; Windows 10 ; 10.0       ; x86_64         ;
; Timing Analyzer         ; DESKTOP-2DFG46T  ; Windows 10 ; 10.0       ; x86_64         ;
; Analysis & Synthesis    ; DESKTOP-2DFG46T  ; Windows 10 ; 10.0       ; x86_64         ;
; Partition Merge         ; DESKTOP-2DFG46T  ; Windows 10 ; 10.0       ; x86_64         ;
; Analysis & Synthesis    ; DESKTOP-2DFG46T  ; Windows 10 ; 10.0       ; x86_64         ;
; Partition Merge         ; DESKTOP-2DFG46T  ; Windows 10 ; 10.0       ; x86_64         ;
+-------------------------+------------------+------------+------------+----------------+


------------
; Flow Log ;
------------
quartus_map --read_settings_files=on --write_settings_files=off CoinCharger -c CoinCharger
quartus_fit --read_settings_files=off --write_settings_files=off CoinCharger -c CoinCharger
quartus_asm --read_settings_files=off --write_settings_files=off CoinCharger -c CoinCharger
quartus_sta CoinCharger -c CoinCharger
quartus_fit --read_settings_files=on --write_settings_files=off CoinCharger -c CoinCharger --plan
quartus_map --read_settings_files=on --write_settings_files=off CoinCharger -c CoinCharger
quartus_cdb --read_settings_files=off --write_settings_files=off CoinCharger -c CoinCharger --merge=on
quartus_fit --read_settings_files=off --write_settings_files=off CoinCharger -c CoinCharger
quartus_asm --read_settings_files=off --write_settings_files=off CoinCharger -c CoinCharger
quartus_sta CoinCharger -c CoinCharger
quartus_map --read_settings_files=on --write_settings_files=off CoinCharger -c CoinCharger
quartus_cdb --read_settings_files=off --write_settings_files=off CoinCharger -c CoinCharger --merge=on
quartus_fit --read_settings_files=off --write_settings_files=off CoinCharger -c CoinCharger
quartus_asm --read_settings_files=off --write_settings_files=off CoinCharger -c CoinCharger
quartus_sta CoinCharger -c CoinCharger
quartus_map --read_settings_files=on --write_settings_files=off CoinCharger -c CoinCharger
quartus_cdb --read_settings_files=off --write_settings_files=off CoinCharger -c CoinCharger --merge=on
quartus_fit --read_settings_files=off --write_settings_files=off CoinCharger -c CoinCharger
quartus_asm --read_settings_files=off --write_settings_files=off CoinCharger -c CoinCharger
quartus_sta CoinCharger -c CoinCharger
quartus_map --read_settings_files=on --write_settings_files=off CoinCharger -c CoinCharger
quartus_cdb --read_settings_files=off --write_settings_files=off CoinCharger -c CoinCharger --merge=on
quartus_fit --read_settings_files=off --write_settings_files=off CoinCharger -c CoinCharger
quartus_asm --read_settings_files=off --write_settings_files=off CoinCharger -c CoinCharger
quartus_sta CoinCharger -c CoinCharger
quartus_map --read_settings_files=on --write_settings_files=off CoinCharger -c CoinCharger
quartus_cdb --read_settings_files=off --write_settings_files=off CoinCharger -c CoinCharger --merge=on
quartus_fit --read_settings_files=off --write_settings_files=off CoinCharger -c CoinCharger
quartus_asm --read_settings_files=off --write_settings_files=off CoinCharger -c CoinCharger
quartus_sta CoinCharger -c CoinCharger
quartus_map --read_settings_files=on --write_settings_files=off CoinCharger -c CoinCharger
quartus_map --read_settings_files=on --write_settings_files=off CoinCharger -c CoinCharger
quartus_map --read_settings_files=on --write_settings_files=off CoinCharger -c CoinCharger
quartus_cdb --read_settings_files=off --write_settings_files=off CoinCharger -c CoinCharger --merge=on
quartus_fit --read_settings_files=off --write_settings_files=off CoinCharger -c CoinCharger
quartus_asm --read_settings_files=off --write_settings_files=off CoinCharger -c CoinCharger
quartus_sta CoinCharger -c CoinCharger
quartus_map --read_settings_files=on --write_settings_files=off CoinCharger -c CoinCharger
quartus_cdb --read_settings_files=off --write_settings_files=off CoinCharger -c CoinCharger --merge=on
quartus_fit --read_settings_files=off --write_settings_files=off CoinCharger -c CoinCharger
quartus_asm --read_settings_files=off --write_settings_files=off CoinCharger -c CoinCharger
quartus_sta CoinCharger -c CoinCharger
quartus_map --read_settings_files=on --write_settings_files=off CoinCharger -c CoinCharger
quartus_cdb --read_settings_files=off --write_settings_files=off CoinCharger -c CoinCharger --merge=on
quartus_fit --read_settings_files=off --write_settings_files=off CoinCharger -c CoinCharger
quartus_asm --read_settings_files=off --write_settings_files=off CoinCharger -c CoinCharger
quartus_sta CoinCharger -c CoinCharger
quartus_map --read_settings_files=on --write_settings_files=off CoinCharger -c CoinCharger
quartus_cdb --read_settings_files=off --write_settings_files=off CoinCharger -c CoinCharger --merge=on
quartus_fit --read_settings_files=off --write_settings_files=off CoinCharger -c CoinCharger
quartus_asm --read_settings_files=off --write_settings_files=off CoinCharger -c CoinCharger
quartus_sta CoinCharger -c CoinCharger
quartus_map --read_settings_files=on --write_settings_files=off CoinCharger -c CoinCharger
quartus_cdb --read_settings_files=off --write_settings_files=off CoinCharger -c CoinCharger --merge=on
quartus_fit --read_settings_files=off --write_settings_files=off CoinCharger -c CoinCharger
quartus_asm --read_settings_files=off --write_settings_files=off CoinCharger -c CoinCharger
quartus_sta CoinCharger -c CoinCharger
quartus_map --read_settings_files=on --write_settings_files=off CoinCharger -c CoinCharger
quartus_map --read_settings_files=on --write_settings_files=off CoinCharger -c CoinCharger
quartus_cdb --read_settings_files=off --write_settings_files=off CoinCharger -c CoinCharger --merge=on
quartus_fit --read_settings_files=off --write_settings_files=off CoinCharger -c CoinCharger
quartus_asm --read_settings_files=off --write_settings_files=off CoinCharger -c CoinCharger
quartus_sta CoinCharger -c CoinCharger
quartus_map --read_settings_files=on --write_settings_files=off CoinCharger -c CoinCharger
quartus_cdb --read_settings_files=off --write_settings_files=off CoinCharger -c CoinCharger --merge=on
quartus_fit --read_settings_files=off --write_settings_files=off CoinCharger -c CoinCharger
quartus_asm --read_settings_files=off --write_settings_files=off CoinCharger -c CoinCharger
quartus_sta CoinCharger -c CoinCharger
quartus_map --read_settings_files=on --write_settings_files=off CoinCharger -c CoinCharger
quartus_cdb --read_settings_files=off --write_settings_files=off CoinCharger -c CoinCharger --merge=on
quartus_fit --read_settings_files=off --write_settings_files=off CoinCharger -c CoinCharger
quartus_asm --read_settings_files=off --write_settings_files=off CoinCharger -c CoinCharger
quartus_sta CoinCharger -c CoinCharger
quartus_map --read_settings_files=on --write_settings_files=off CoinCharger -c CoinCharger
quartus_cdb --read_settings_files=off --write_settings_files=off CoinCharger -c CoinCharger --merge=on
quartus_fit --read_settings_files=off --write_settings_files=off CoinCharger -c CoinCharger
quartus_asm --read_settings_files=off --write_settings_files=off CoinCharger -c CoinCharger
quartus_sta CoinCharger -c CoinCharger
quartus_map --read_settings_files=on --write_settings_files=off CoinCharger -c CoinCharger
quartus_map --read_settings_files=on --write_settings_files=off CoinCharger -c CoinCharger
quartus_map --read_settings_files=on --write_settings_files=off CoinCharger -c CoinCharger
quartus_map --read_settings_files=on --write_settings_files=off CoinCharger -c CoinCharger
quartus_map --read_settings_files=on --write_settings_files=off CoinCharger -c CoinCharger
quartus_map --read_settings_files=on --write_settings_files=off CoinCharger -c CoinCharger
quartus_map --read_settings_files=on --write_settings_files=off CoinCharger -c CoinCharger
quartus_map --read_settings_files=on --write_settings_files=off CoinCharger -c CoinCharger
quartus_map --read_settings_files=on --write_settings_files=off CoinCharger -c CoinCharger
quartus_map --read_settings_files=on --write_settings_files=off CoinCharger -c CoinCharger
quartus_map --read_settings_files=on --write_settings_files=off CoinCharger -c CoinCharger
quartus_map --read_settings_files=on --write_settings_files=off CoinCharger -c CoinCharger
quartus_map --read_settings_files=on --write_settings_files=off CoinCharger -c CoinCharger
quartus_map --read_settings_files=on --write_settings_files=off CoinCharger -c CoinCharger
quartus_map --read_settings_files=on --write_settings_files=off CoinCharger -c CoinCharger
quartus_cdb --read_settings_files=off --write_settings_files=off CoinCharger -c CoinCharger --merge=on
quartus_fit --read_settings_files=off --write_settings_files=off CoinCharger -c CoinCharger
quartus_asm --read_settings_files=off --write_settings_files=off CoinCharger -c CoinCharger
quartus_sta CoinCharger -c CoinCharger
quartus_map --read_settings_files=on --write_settings_files=off CoinCharger -c CoinCharger
quartus_map --read_settings_files=on --write_settings_files=off CoinCharger -c CoinCharger
quartus_cdb --read_settings_files=off --write_settings_files=off CoinCharger -c CoinCharger --merge=on
quartus_fit --read_settings_files=off --write_settings_files=off CoinCharger -c CoinCharger
quartus_asm --read_settings_files=off --write_settings_files=off CoinCharger -c CoinCharger
quartus_sta CoinCharger -c CoinCharger
quartus_map --read_settings_files=on --write_settings_files=off CoinCharger -c CoinCharger
quartus_cdb --read_settings_files=off --write_settings_files=off CoinCharger -c CoinCharger --merge=on
quartus_fit --read_settings_files=off --write_settings_files=off CoinCharger -c CoinCharger
quartus_asm --read_settings_files=off --write_settings_files=off CoinCharger -c CoinCharger
quartus_sta CoinCharger -c CoinCharger
quartus_map --read_settings_files=on --write_settings_files=off CoinCharger -c CoinCharger
quartus_cdb --read_settings_files=off --write_settings_files=off CoinCharger -c CoinCharger --merge=on
quartus_fit --read_settings_files=off --write_settings_files=off CoinCharger -c CoinCharger
quartus_asm --read_settings_files=off --write_settings_files=off CoinCharger -c CoinCharger
quartus_sta CoinCharger -c CoinCharger
quartus_eda --read_settings_files=on --write_settings_files=off CoinCharger -c CoinCharger
quartus_map --read_settings_files=on --write_settings_files=off CoinCharger -c CoinCharger
quartus_cdb --read_settings_files=off --write_settings_files=off CoinCharger -c CoinCharger --merge=on
quartus_fit --read_settings_files=off --write_settings_files=off CoinCharger -c CoinCharger
quartus_asm --read_settings_files=off --write_settings_files=off CoinCharger -c CoinCharger
quartus_sta CoinCharger -c CoinCharger
quartus_eda --read_settings_files=on --write_settings_files=off CoinCharger -c CoinCharger
quartus_fit --read_settings_files=on --write_settings_files=off CoinCharger -c CoinCharger
quartus_eda --read_settings_files=off --write_settings_files=off CoinCharger -c CoinCharger
quartus_map --read_settings_files=on --write_settings_files=off CoinCharger -c CoinCharger
quartus_cdb --read_settings_files=off --write_settings_files=off CoinCharger -c CoinCharger --merge=on
quartus_fit --read_settings_files=off --write_settings_files=off CoinCharger -c CoinCharger
quartus_asm --read_settings_files=off --write_settings_files=off CoinCharger -c CoinCharger
quartus_sta CoinCharger -c CoinCharger
quartus_map --read_settings_files=on --write_settings_files=off CoinCharger -c CoinCharger
quartus_cdb --read_settings_files=off --write_settings_files=off CoinCharger -c CoinCharger --merge=on
quartus_fit --read_settings_files=off --write_settings_files=off CoinCharger -c CoinCharger
quartus_asm --read_settings_files=off --write_settings_files=off CoinCharger -c CoinCharger
quartus_sta CoinCharger -c CoinCharger
quartus_map --read_settings_files=on --write_settings_files=off CoinCharger -c CoinCharger
quartus_map --read_settings_files=on --write_settings_files=off CoinCharger -c CoinCharger
quartus_map --read_settings_files=on --write_settings_files=off CoinCharger -c CoinCharger
quartus_cdb --read_settings_files=off --write_settings_files=off CoinCharger -c CoinCharger --merge=on
quartus_fit --read_settings_files=off --write_settings_files=off CoinCharger -c CoinCharger
quartus_asm --read_settings_files=off --write_settings_files=off CoinCharger -c CoinCharger
quartus_sta CoinCharger -c CoinCharger
quartus_map --read_settings_files=on --write_settings_files=off CoinCharger -c CoinCharger
quartus_cdb --read_settings_files=off --write_settings_files=off CoinCharger -c CoinCharger --merge=on
quartus_fit --read_settings_files=off --write_settings_files=off CoinCharger -c CoinCharger
quartus_asm --read_settings_files=off --write_settings_files=off CoinCharger -c CoinCharger
quartus_sta CoinCharger -c CoinCharger
quartus_map --read_settings_files=on --write_settings_files=off CoinCharger -c CoinCharger
quartus_cdb --read_settings_files=off --write_settings_files=off CoinCharger -c CoinCharger --merge=on
quartus_fit --read_settings_files=off --write_settings_files=off CoinCharger -c CoinCharger
quartus_asm --read_settings_files=off --write_settings_files=off CoinCharger -c CoinCharger
quartus_sta CoinCharger -c CoinCharger
quartus_map --read_settings_files=on --write_settings_files=off CoinCharger -c CoinCharger
quartus_cdb --read_settings_files=off --write_settings_files=off CoinCharger -c CoinCharger --merge=on
quartus_fit --read_settings_files=off --write_settings_files=off CoinCharger -c CoinCharger
quartus_asm --read_settings_files=off --write_settings_files=off CoinCharger -c CoinCharger
quartus_sta CoinCharger -c CoinCharger
quartus_map --read_settings_files=on --write_settings_files=off CoinCharger -c CoinCharger
quartus_cdb --read_settings_files=off --write_settings_files=off CoinCharger -c CoinCharger --merge=on
quartus_fit --read_settings_files=off --write_settings_files=off CoinCharger -c CoinCharger
quartus_asm --read_settings_files=off --write_settings_files=off CoinCharger -c CoinCharger
quartus_sta CoinCharger -c CoinCharger
quartus_map --read_settings_files=on --write_settings_files=off CoinCharger -c CoinCharger
quartus_cdb --read_settings_files=off --write_settings_files=off CoinCharger -c CoinCharger --merge=on
quartus_fit --read_settings_files=off --write_settings_files=off CoinCharger -c CoinCharger
quartus_asm --read_settings_files=off --write_settings_files=off CoinCharger -c CoinCharger
quartus_sta CoinCharger -c CoinCharger
quartus_map --read_settings_files=on --write_settings_files=off CoinCharger -c CoinCharger
quartus_cdb --read_settings_files=off --write_settings_files=off CoinCharger -c CoinCharger --merge=on
quartus_fit --read_settings_files=off --write_settings_files=off CoinCharger -c CoinCharger
quartus_asm --read_settings_files=off --write_settings_files=off CoinCharger -c CoinCharger
quartus_sta CoinCharger -c CoinCharger
quartus_map --read_settings_files=on --write_settings_files=off CoinCharger -c CoinCharger
quartus_cdb --read_settings_files=off --write_settings_files=off CoinCharger -c CoinCharger --merge=on
quartus_fit --read_settings_files=off --write_settings_files=off CoinCharger -c CoinCharger
quartus_asm --read_settings_files=off --write_settings_files=off CoinCharger -c CoinCharger
quartus_sta CoinCharger -c CoinCharger
quartus_eda --read_settings_files=on --write_settings_files=off CoinCharger -c CoinCharger
quartus_map --read_settings_files=on --write_settings_files=off CoinCharger -c CoinCharger
quartus_map --read_settings_files=on --write_settings_files=off CoinCharger -c CoinCharger
quartus_cdb --read_settings_files=off --write_settings_files=off CoinCharger -c CoinCharger --merge=on
quartus_fit --read_settings_files=off --write_settings_files=off CoinCharger -c CoinCharger
quartus_asm --read_settings_files=off --write_settings_files=off CoinCharger -c CoinCharger
quartus_sta CoinCharger -c CoinCharger
quartus_map --read_settings_files=on --write_settings_files=off CoinCharger -c CoinCharger
quartus_map --read_settings_files=on --write_settings_files=off CoinCharger -c CoinCharger
quartus_cdb --read_settings_files=off --write_settings_files=off CoinCharger -c CoinCharger --merge=on
quartus_fit --read_settings_files=off --write_settings_files=off CoinCharger -c CoinCharger
quartus_asm --read_settings_files=off --write_settings_files=off CoinCharger -c CoinCharger
quartus_sta CoinCharger -c CoinCharger
quartus_map --read_settings_files=on --write_settings_files=off CoinCharger -c CoinCharger
quartus_cdb --read_settings_files=off --write_settings_files=off CoinCharger -c CoinCharger --merge=on
quartus_map --read_settings_files=on --write_settings_files=off CoinCharger -c CoinCharger
quartus_cdb --read_settings_files=off --write_settings_files=off CoinCharger -c CoinCharger --merge=on



